<?xml version="1.0" encoding="UTF-8"?>
<testng-results ignored="0" total="1" passed="1" failed="0" skipped="0">
  <reporter-output>
  </reporter-output>
  <suite started-at="2023-07-12T10:09:24 IST" name="Default suite" finished-at="2023-07-12T10:09:24 IST" duration-ms="194">
    <groups>
    </groups>
    <test started-at="2023-07-12T10:09:24 IST" name="Default test" finished-at="2023-07-12T10:09:24 IST" duration-ms="194">
      <class name="jenkin_practice.Program1_Test">
        <test-method signature="Display()[pri:0, instance:jenkin_practice.Program1_Test@194bcebf]" started-at="2023-07-12T10:09:24 IST" name="Display" finished-at="2023-07-12T10:09:24 IST" duration-ms="32" status="PASS">
          <reporter-output>
          </reporter-output>
        </test-method> <!-- Display -->
      </class> <!-- jenkin_practice.Program1_Test -->
    </test> <!-- Default test -->
  </suite> <!-- Default suite -->
</testng-results>
